['Accelerating_and_revving_and_vroom', 'Accordion', 'Acoustic_guitar', 'Applause', 'Bark', 'Bass_drum', 'Bass_guitar', 'Bathtub_(filling_or_washing)', 'Bicycle_bell', 'Burping_and_eructation', 'Bus', 'Buzz', 'Car_passing_by', 'Cheering', 'Chewing_and_mastication', 'Child_speech_and_kid_speaking', 'Chink_and_clink', 'Chirp_and_tweet', 'Church_bell', 'Clapping', 'Computer_keyboard', 'Crackle', 'Cricket', 'Crowd', 'Cupboard_open_or_close', 'Cutlery_and_silverware', 'Dishes_and_pots_and_pans', 'Drawer_open_or_close', 'Drip', 'Electric_guitar', 'Fart', 'Female_singing', 'Female_speech_and_woman_speaking', 'Fill_(with_liquid)', 'Finger_snapping', 'Frying_(food)', 'Gasp', 'Glockenspiel', 'Gong', 'Gurgling', 'Harmonica', 'Hi-hat', 'Hiss', 'Keys_jangling', 'Knock', 'Male_singing', 'Male_speech_and_man_speaking', 'Marimba_and_xylophone', 'Mechanical_fan', 'Meow', 'Microwave_oven', 'Motorcycle', 'Printer', 'Purr', 'Race_car_and_auto_racing', 'Raindrop', 'Run', 'Scissors', 'Screaming', 'Shatter', 'Sigh', 'Sink_(filling_or_washing)', 'Skateboard', 'Slam', 'Sneeze', 'Squeak', 'Stream', 'Strum', 'Tap', 'Tick-tock', 'Toilet_flush', 'Traffic_noise_and_roadway_noise', 'Trickle_and_dribble', 'Walk_and_footsteps', 'Water_tap_and_faucet', 'Waves_and_surf', 'Whispering', 'Writing', 'Yell', 'Zipper_(clothing)']
80
(8970, 80)
8970 3361
Traceback (most recent call last):
  File "main.py", line 377, in <module>
    result = train_model(x_train, y_train, transforms_dict['train'])
  File "main.py", line 341, in train_model
    avg_loss += loss.item() / len(train_loader)
KeyboardInterrupt
['Accelerating_and_revving_and_vroom', 'Accordion', 'Acoustic_guitar', 'Applause', 'Bark', 'Bass_drum', 'Bass_guitar', 'Bathtub_(filling_or_washing)', 'Bicycle_bell', 'Burping_and_eructation', 'Bus', 'Buzz', 'Car_passing_by', 'Cheering', 'Chewing_and_mastication', 'Child_speech_and_kid_speaking', 'Chink_and_clink', 'Chirp_and_tweet', 'Church_bell', 'Clapping', 'Computer_keyboard', 'Crackle', 'Cricket', 'Crowd', 'Cupboard_open_or_close', 'Cutlery_and_silverware', 'Dishes_and_pots_and_pans', 'Drawer_open_or_close', 'Drip', 'Electric_guitar', 'Fart', 'Female_singing', 'Female_speech_and_woman_speaking', 'Fill_(with_liquid)', 'Finger_snapping', 'Frying_(food)', 'Gasp', 'Glockenspiel', 'Gong', 'Gurgling', 'Harmonica', 'Hi-hat', 'Hiss', 'Keys_jangling', 'Knock', 'Male_singing', 'Male_speech_and_man_speaking', 'Marimba_and_xylophone', 'Mechanical_fan', 'Meow', 'Microwave_oven', 'Motorcycle', 'Printer', 'Purr', 'Race_car_and_auto_racing', 'Raindrop', 'Run', 'Scissors', 'Screaming', 'Shatter', 'Sigh', 'Sink_(filling_or_washing)', 'Skateboard', 'Slam', 'Sneeze', 'Squeak', 'Stream', 'Strum', 'Tap', 'Tick-tock', 'Toilet_flush', 'Traffic_noise_and_roadway_noise', 'Trickle_and_dribble', 'Walk_and_footsteps', 'Water_tap_and_faucet', 'Waves_and_surf', 'Whispering', 'Writing', 'Yell', 'Zipper_(clothing)']
80
(8970, 80)
8970 3361
Traceback (most recent call last):
  File "main.py", line 377, in <module>
    result = train_model(x_train, y_train, transforms_dict['train'])
  File "main.py", line 348, in train_model
    preds = model(x_batch.cuda()).detach()
  File "/usr/local/lib/python3.6/dist-packages/torch/nn/modules/module.py", line 493, in __call__
    result = self.forward(*input, **kwargs)
  File "main.py", line 291, in forward
    x = self.conv(x)
  File "/usr/local/lib/python3.6/dist-packages/torch/nn/modules/module.py", line 493, in __call__
    result = self.forward(*input, **kwargs)
  File "/usr/local/lib/python3.6/dist-packages/torch/nn/modules/container.py", line 92, in forward
    input = module(input)
  File "/usr/local/lib/python3.6/dist-packages/torch/nn/modules/module.py", line 493, in __call__
    result = self.forward(*input, **kwargs)
  File "main.py", line 265, in forward
    x = self.conv2(x)
  File "/usr/local/lib/python3.6/dist-packages/torch/nn/modules/module.py", line 493, in __call__
    result = self.forward(*input, **kwargs)
  File "/usr/local/lib/python3.6/dist-packages/torch/nn/modules/container.py", line 92, in forward
    input = module(input)
  File "/usr/local/lib/python3.6/dist-packages/torch/nn/modules/module.py", line 493, in __call__
    result = self.forward(*input, **kwargs)
  File "/usr/local/lib/python3.6/dist-packages/torch/nn/modules/conv.py", line 338, in forward
    self.padding, self.dilation, self.groups)
RuntimeError: CUDA out of memory. Tried to allocate 256.00 MiB (GPU 0; 10.92 GiB total capacity; 10.25 GiB already allocated; 31.50 MiB free; 47.93 MiB cached)
Error in sys.excepthook:
Traceback (most recent call last):
  File "/usr/lib/python3/dist-packages/apport_python_hook.py", line 63, in apport_excepthook
    from apport.fileutils import likely_packaged, get_recent_crashes
  File "/usr/lib/python3/dist-packages/apport/__init__.py", line 5, in <module>
    from apport.report import Report
  File "/usr/lib/python3/dist-packages/apport/report.py", line 30, in <module>
    import apport.fileutils
  File "/usr/lib/python3/dist-packages/apport/fileutils.py", line 23, in <module>
    from apport.packaging_impl import impl as packaging
  File "/usr/lib/python3/dist-packages/apport/packaging_impl.py", line 23, in <module>
    import apt
  File "/usr/lib/python3/dist-packages/apt/__init__.py", line 23, in <module>
    import apt_pkg
ModuleNotFoundError: No module named 'apt_pkg'

Original exception was:
Traceback (most recent call last):
  File "main.py", line 377, in <module>
    result = train_model(x_train, y_train, transforms_dict['train'])
  File "main.py", line 348, in train_model
    preds = model(x_batch.cuda()).detach()
  File "/usr/local/lib/python3.6/dist-packages/torch/nn/modules/module.py", line 493, in __call__
    result = self.forward(*input, **kwargs)
  File "main.py", line 291, in forward
    x = self.conv(x)
  File "/usr/local/lib/python3.6/dist-packages/torch/nn/modules/module.py", line 493, in __call__
    result = self.forward(*input, **kwargs)
  File "/usr/local/lib/python3.6/dist-packages/torch/nn/modules/container.py", line 92, in forward
    input = module(input)
  File "/usr/local/lib/python3.6/dist-packages/torch/nn/modules/module.py", line 493, in __call__
    result = self.forward(*input, **kwargs)
  File "main.py", line 265, in forward
    x = self.conv2(x)
  File "/usr/local/lib/python3.6/dist-packages/torch/nn/modules/module.py", line 493, in __call__
    result = self.forward(*input, **kwargs)
  File "/usr/local/lib/python3.6/dist-packages/torch/nn/modules/container.py", line 92, in forward
    input = module(input)
  File "/usr/local/lib/python3.6/dist-packages/torch/nn/modules/module.py", line 493, in __call__
    result = self.forward(*input, **kwargs)
  File "/usr/local/lib/python3.6/dist-packages/torch/nn/modules/conv.py", line 338, in forward
    self.padding, self.dilation, self.groups)
RuntimeError: CUDA out of memory. Tried to allocate 256.00 MiB (GPU 0; 10.92 GiB total capacity; 10.25 GiB already allocated; 31.50 MiB free; 47.93 MiB cached)
